2025-05-10 02:33:59,703 - semgrep.run_scan - DEBUG - semgrep version 1.2.0
2025-05-10 02:33:59,715 - semgrep.git - DEBUG - Failed to get project url from 'git ls-remote': Command failed with exit code: 128
-----
Command failed with output:
fatal: No remote configured to list refs from.


Failed to run 'git ls-remote --get-url'. Possible reasons:

- the git binary is not available
- the current working directory is not a git repository
- the baseline commit is not a parent of the current commit
    (if you are running through semgrep-app, check if you are setting `SEMGREP_BRANCH` or `SEMGREP_BASELINE_COMMIT` properly)
- the current working directory is not marked as safe
    (fix with `git config --global --add safe.directory $(pwd)`)

Try running the command yourself to debug the issue.
2025-05-10 02:33:59,717 - semgrep.config_resolver - DEBUG - Loading local config from /home/runner/workspace/.config/.semgrep/semgrep_rules.json
2025-05-10 02:33:59,721 - semgrep.config_resolver - DEBUG - Done loading local config from /home/runner/workspace/.config/.semgrep/semgrep_rules.json
2025-05-10 02:33:59,725 - semgrep.config_resolver - DEBUG - Saving rules to /tmp/semgrep-hk667zba.rules
2025-05-10 02:34:00,145 - semgrep.semgrep_core - DEBUG - Failed to open resource semgrep-core-proprietary: [Errno 2] No such file or directory: '/tmp/_MEIhvUj9A/semgrep/bin/semgrep-core-proprietary'.
2025-05-10 02:34:01,108 - semgrep.rule_lang - DEBUG - semgrep-core validation response: valid=True
2025-05-10 02:34:01,108 - semgrep.rule_lang - DEBUG - semgrep-core validation succeeded
2025-05-10 02:34:01,108 - semgrep.rule_lang - DEBUG - RPC validation succeeded
2025-05-10 02:34:01,109 - semgrep.config_resolver - DEBUG - loaded 1 configs in 1.391381025314331
2025-05-10 02:34:01,357 - semgrep.run_scan - VERBOSE - running 1250 rules from 1 config /home/runner/workspace/.config/.semgrep/semgrep_rules.json_0
2025-05-10 02:34:01,357 - semgrep.run_scan - VERBOSE - No .semgrepignore found. Using default .semgrepignore rules. See the docs for the list of default ignores: https://semgrep.dev/docs/cli-usage/#ignore-files
2025-05-10 02:34:01,359 - semgrep.run_scan - VERBOSE - Rules:
2025-05-10 02:34:01,360 - semgrep.run_scan - VERBOSE - <SKIPPED DATA (too many entries; use --max-log-list-entries)>
2025-05-10 02:34:02,368 - semgrep.core_runner - DEBUG - Passing whole rules directly to semgrep_core
2025-05-10 02:34:02,649 - semgrep.core_runner - DEBUG - Running Semgrep engine with command:
2025-05-10 02:34:02,649 - semgrep.core_runner - DEBUG - /tmp/_MEIhvUj9A/semgrep/bin/opengrep-core -json -rules /tmp/tmpinfohgkj.json -j 8 -targets /tmp/tmp2tru3lv5 -timeout 5 -timeout_threshold 3 -max_memory 0 -fast
2025-05-10 02:34:18,104 - semgrep.core_runner - DEBUG - --- semgrep-core stderr ---
[00.07][[34mINFO[0m]: Executed as: /tmp/_MEIhvUj9A/semgrep/bin/opengrep-core -json -rules /tmp/tmpinfohgkj.json -j 8 -targets /tmp/tmp2tru3lv5 -timeout 5 -timeout_threshold 3 -max_memory 0 -fast
[00.07][[34mINFO[0m]: Version: 1.2.0
[00.07][[34mINFO[0m]: Parsing rules in /tmp/tmpinfohgkj.json
[00.81][[34mINFO[0m]: scan: processing 540 files (skipping 0), with 487 rules (skipping 0 )
[03.39][[33mWARNING[0m]: Fixpoint timeout while performing taint analysis [rule: config..semgrep.vendored-rules.javascript.lang.security.audit.unsafe-formatstring file: client/src/pages/trainer-ratings.tsx func: TrainerRatings:5769]
[0m[03.79][[33mWARNING[0m]: Fixpoint timeout while performing taint analysis [rule: config..semgrep.vendored-rules.javascript.lang.security.audit.detect-non-literal-require file: client/src/pages/trainer-ratings.tsx func: TrainerRatings:5769]
[0m[04.38][[33mWARNING[0m]: Fixpoint timeout while performing taint analysis [rule: config..semgrep.vendored-rules.javascript.express.security.injection.tainted-sql-string file: client/src/pages/trainer-ratings.tsx func: TrainerRatings:5769]
[0m[04.49][[33mWARNING[0m]: Fixpoint timeout while performing taint analysis [rule: config..semgrep.vendored-rules.javascript.express.security.injection.raw-html-format file: client/src/pages/edit-course.tsx func: EditCourse:7817]
[0m[05.10][[33mWARNING[0m]: Fixpoint timeout while performing taint analysis [rule: config..semgrep.vendored-rules.javascript.express.security.injection.raw-html-format file: client/src/pages/trainer-ratings.tsx func: TrainerRatings:5769]
[0m[05.42][[33mWARNING[0m]: Fixpoint timeout while performing taint analysis [rule: config..semgrep.vendored-rules.javascript.lang.security.audit.unsafe-formatstring file: client/src/pages/admin/admin-revenue.tsx func: AdminRevenue:22076]
[0m[05.58][[33mWARNING[0m]: Fixpoint timeout while performing taint analysis [rule: config..semgrep.vendored-rules.javascript.lang.security.audit.detect-non-literal-require file: client/src/pages/admin/admin-revenue.tsx func: AdminRevenue:22076]
[0m[05.62][[33mWARNING[0m]: Fixpoint timeout while performing taint analysis [rule: config..semgrep.vendored-rules.javascript.express.security.audit.remote-property-injection file: client/src/pages/trainer-ratings.tsx func: TrainerRatings:5769]
[0m[05.87][[33mWARNING[0m]: Fixpoint timeout while performing taint analysis [rule: config..semgrep.vendored-rules.javascript.express.security.x-frame-options-misconfiguration file: client/src/pages/trainer-ratings.tsx func: TrainerRatings:5769]
[0m[05.90][[33mWARNING[0m]: Fixpoint timeout while performing taint analysis [rule: config..semgrep.vendored-rules.javascript.lang.security.audit.unsafe-formatstring file: client/src/components/training-calendar.tsx func: TrainingCalendar:24602]
[0m[05.95][[33mWARNING[0m]: Fixpoint timeout while performing taint analysis [rule: config..semgrep.vendored-rules.javascript.express.security.injection.tainted-sql-string file: client/src/pages/subscription.tsx func: Subscription:26679]
[0m[06.09][[33mWARNING[0m]: Fixpoint timeout while performing taint analysis [rule: config..semgrep.vendored-rules.javascript.lang.security.audit.detect-non-literal-require file: client/src/components/training-calendar.tsx func: TrainingCalendar:24602]
[0m[06.10][[33mWARNING[0m]: Fixpoint timeout while performing taint analysis [rule: config..semgrep.vendored-rules.javascript.express.security.require-request file: client/src/pages/trainer-ratings.tsx func: TrainerRatings:5769]
[0m[07.42][[33mWARNING[0m]: Fixpoint timeout while performing taint analysis [rule: config..semgrep.vendored-rules.javascript.lang.security.audit.detect-non-literal-require file: client/src/pages/trainer-courses.tsx func: TrainerCourses:46755]
[0m[07.84][[33mWARNING[0m]: Fixpoint timeout while performing taint analysis [rule: config..semgrep.vendored-rules.javascript.express.security.injection.raw-html-format file: client/src/pages/trainer-courses.tsx func: TrainerCourses:46755]
[0m[07.92][[33mWARNING[0m]: Fixpoint timeout while performing taint analysis [rule: config..semgrep.vendored-rules.javascript.lang.security.audit.unsafe-formatstring file: client/src/pages/admin-dashboard.tsx func: AdminDashboard:53397]
[0m[08.05][[33mWARNING[0m]: Fixpoint timeout while performing taint analysis [rule: config..semgrep.vendored-rules.javascript.express.security.x-frame-options-misconfiguration file: client/src/pages/trainer-courses.tsx func: TrainerCourses:46755]
[0m[08.11][[33mWARNING[0m]: Fixpoint timeout while performing taint analysis [rule: config..semgrep.vendored-rules.javascript.lang.security.audit.detect-non-literal-require file: client/src/pages/admin-dashboard.tsx func: AdminDashboard:53397]
[0m[08.15][[33mWARNING[0m]: Fixpoint timeout while performing taint analysis [rule: config..semgrep.vendored-rules.javascript.express.security.require-request file: client/src/pages/trainer-courses.tsx func: TrainerCourses:46755]
[0m[08.28][[33mWARNING[0m]: Fixpoint timeout while performing taint analysis [rule: config..semgrep.vendored-rules.javascript.express.security.cors-misconfiguration file: client/src/pages/trainer-courses.tsx func: TrainerCourses:46755]
[0m[08.54][[33mWARNING[0m]: Fixpoint timeout while performing taint analysis [rule: config..semgrep.vendored-rules.javascript.browser.security.js-open-redirect-from-function file: client/src/pages/trainer-courses.tsx func: TrainerCourses:46755]
[0m[08.64][[33mWARNING[0m]: Fixpoint timeout while performing taint analysis [rule: config..semgrep.vendored-rules.javascript.lang.security.audit.detect-non-literal-fs-filename file: client/src/pages/admin-dashboard.tsx func: AdminDashboard:53397]
[0m[08.85][[33mWARNING[0m]: Fixpoint timeout while performing taint analysis [rule: config..semgrep.vendored-rules.javascript.express.security.injection.tainted-sql-string file: client/src/pages/admin-dashboard.tsx func: AdminDashboard:53397]
[0m[09.23][[33mWARNING[0m]: Fixpoint timeout while performing taint analysis [rule: config..semgrep.vendored-rules.javascript.express.security.audit.remote-property-injection file: client/src/pages/admin-dashboard.tsx func: AdminDashboard:53397]
[0m[09.37][[33mWARNING[0m]: Fixpoint timeout while performing taint analysis [rule: config..semgrep.vendored-rules.javascript.express.security.x-frame-options-misconfiguration file: client/src/pages/admin-dashboard.tsx func: AdminDashboard:53397]
[0m[09.45][[33mWARNING[0m]: Fixpoint timeout while performing taint analysis [rule: config..semgrep.vendored-rules.javascript.lang.security.audit.path-traversal.path-join-resolve-traversal file: client/src/pages/trainer-profile.tsx func: TrainerProfilePage:78080]
[0m[09.53][[33mWARNING[0m]: Fixpoint timeout while performing taint analysis [rule: config..semgrep.vendored-rules.javascript.express.security.require-request file: client/src/pages/admin-dashboard.tsx func: AdminDashboard:53397]
[0m[11.43][[33mWARNING[0m]: Fixpoint timeout while performing taint analysis [rule: config..semgrep.vendored-rules.typescript.react.security.audit.react-href-var file: client/src/pages/admin/admin-settings.tsx func: AdminSettings:116120]
[0m[12.70][[33mWARNING[0m]: Fixpoint timeout while performing taint analysis [rule: config..semgrep.vendored-rules.javascript.express.security.injection.tainted-sql-string file: server/routes.ts func: registerRoutes:133430]
[0m[13.00][[33mWARNING[0m]: Fixpoint timeout while performing taint analysis [rule: config..semgrep.vendored-rules.typescript.react.security.audit.react-href-var file: client/src/pages/trainer-schedule.tsx func: TrainerSchedule:148685]
[0m[13.40][[33mWARNING[0m]: Fixpoint timeout while performing taint analysis [rule: config..semgrep.vendored-rules.javascript.express.security.injection.raw-html-format file: server/routes.ts func: registerRoutes:133430]
[0m[14.03][[33mWARNING[0m]: Fixpoint timeout while performing taint analysis [rule: config..semgrep.vendored-rules.javascript.express.security.audit.xss.direct-response-write file: server/routes.ts func: registerRoutes:133430]
[0m[15.41][[34mINFO[0m]: Custom ignore pattern: None
[15.41][[34mINFO[0m]: Custom ignore pattern: None
--- end semgrep-core stderr ---
2025-05-10 02:34:18,113 - semgrep.rule_match - DEBUG - match_key = ('', PosixPath('client/index.html'), 'config..semgrep.vendored-rules.html.security.audit.missing-integrity') match_id = 0ee74fd49637bebe183eca7188dbde26e386314e62cc2e7ba1ee60b377b638243fcd84e6c6fa04886198ccacfa6a711bfbcc61a28f9ddc913d5b3c53083cbc90_0
2025-05-10 02:34:18,114 - semgrep.rule_match - DEBUG - match_key = (' type="text/javascript" src="https://replit.com/public/js/replit-dev-banner.js" (?is).*integrity= (google-analytics\\.com|fonts\\.googleapis\\.com|fonts\\.gstatic\\.com|googletagmanager\\.com) .*rel\\s*=\\s*[\'"]?preconnect.* href="... :// ..." href="//..." href=\'... :// ...\' href=\'//...\' src="... :// ..." src="//..." src=\'... :// ...\' src=\'//...\' <link  type="text/javascript" src="https://replit.com/public/js/replit-dev-banner.js" > <script  type="text/javascript" src="https://replit.com/public/js/replit-dev-banner.js" >...</script>', PosixPath('client/index.html'), 'config..semgrep.vendored-rules.html.security.audit.missing-integrity') match_id = 0728b64e224596592d04447ba8a642ff94e1fb9fcc07be26d49dc7e7f6898e638ad16ffcaca086932c58f4c6400fe32603323afef02cf9bfebcb0e4a53562a40_0
2025-05-10 02:34:18,115 - semgrep.rule_match - DEBUG - match_key = (' type="text/javascript" src="https://replit.com/public/js/replit-dev-banner.js" (?is).*integrity= (google-analytics\\.com|fonts\\.googleapis\\.com|fonts\\.gstatic\\.com|googletagmanager\\.com) .*rel\\s*=\\s*[\'"]?preconnect.* href="... :// ..." href="//..." href=\'... :// ...\' href=\'//...\' src="... :// ..." src="//..." src=\'... :// ...\' src=\'//...\' <link  type="text/javascript" src="https://replit.com/public/js/replit-dev-banner.js" > <script  type="text/javascript" src="https://replit.com/public/js/replit-dev-banner.js" >...</script>', PosixPath('client/index.html'), 'config..semgrep.vendored-rules.html.security.audit.missing-integrity') match_id = 0728b64e224596592d04447ba8a642ff94e1fb9fcc07be26d49dc7e7f6898e638ad16ffcaca086932c58f4c6400fe32603323afef02cf9bfebcb0e4a53562a40_0
2025-05-10 02:34:18,116 - semgrep.rule_match - DEBUG - match_key = (' type="text/javascript" src="https://replit.com/public/js/replit-dev-banner.js" (?is).*integrity= (google-analytics\\.com|fonts\\.googleapis\\.com|fonts\\.gstatic\\.com|googletagmanager\\.com) .*rel\\s*=\\s*[\'"]?preconnect.* href="... :// ..." href="//..." href=\'... :// ...\' href=\'//...\' src="... :// ..." src="//..." src=\'... :// ...\' src=\'//...\' <link  type="text/javascript" src="https://replit.com/public/js/replit-dev-banner.js" > <script  type="text/javascript" src="https://replit.com/public/js/replit-dev-banner.js" >...</script>', PosixPath('client/index.html'), 'config..semgrep.vendored-rules.html.security.audit.missing-integrity') match_id = 0728b64e224596592d04447ba8a642ff94e1fb9fcc07be26d49dc7e7f6898e638ad16ffcaca086932c58f4c6400fe32603323afef02cf9bfebcb0e4a53562a40_0
2025-05-10 02:34:18,116 - semgrep.rule_match - DEBUG - match_key = ('', PosixPath('client/src/components/navbar.tsx'), 'config..semgrep.vendored-rules.javascript.browser.security.js-open-redirect-from-function') match_id = a237e71d493614a0dd48041f2d4a9a46cdd94d8d83cee33884b96a83bf10788ab6744dfb2c29485415dd85db699c31fc7bd0b131d10109db5932bdeee1aba56e_0
2025-05-10 02:34:18,117 - semgrep.rule_match - DEBUG - match_key = ('"..." + $VALUE\n `...${$VALUE}`\n item.path item.path location.href = item.path location.replace(item.path) this.location.href = item.path this.location.replace(item.path) this.window.location.href = item.path this.window.location.replace(item.path) window.location.href = item.path window.location.replace(item.path) item function ... (..., item, ...) { ... }\n', PosixPath('client/src/components/navbar.tsx'), 'config..semgrep.vendored-rules.javascript.browser.security.js-open-redirect-from-function') match_id = 87917a2e4305a84f314a292f088f45c2a92830d24891695170ceae0111077909c249b827422e03e000a8afc751c99a538850b0c17b8b287d9272a1fc6bdf83ce_0
2025-05-10 02:34:18,117 - semgrep.rule_match - DEBUG - match_key = ('"..." + $VALUE\n `...${$VALUE}`\n item.path item.path location.href = item.path location.replace(item.path) this.location.href = item.path this.location.replace(item.path) this.window.location.href = item.path this.window.location.replace(item.path) window.location.href = item.path window.location.replace(item.path) item function ... (..., item, ...) { ... }\n', PosixPath('client/src/components/navbar.tsx'), 'config..semgrep.vendored-rules.javascript.browser.security.js-open-redirect-from-function') match_id = 87917a2e4305a84f314a292f088f45c2a92830d24891695170ceae0111077909c249b827422e03e000a8afc751c99a538850b0c17b8b287d9272a1fc6bdf83ce_0
2025-05-10 02:34:18,119 - semgrep.rule_match - DEBUG - match_key = ('"..." + $VALUE\n `...${$VALUE}`\n item.path item.path location.href = item.path location.replace(item.path) this.location.href = item.path this.location.replace(item.path) this.window.location.href = item.path this.window.location.replace(item.path) window.location.href = item.path window.location.replace(item.path) item function ... (..., item, ...) { ... }\n', PosixPath('client/src/components/navbar.tsx'), 'config..semgrep.vendored-rules.javascript.browser.security.js-open-redirect-from-function') match_id = 87917a2e4305a84f314a292f088f45c2a92830d24891695170ceae0111077909c249b827422e03e000a8afc751c99a538850b0c17b8b287d9272a1fc6bdf83ce_0
2025-05-10 02:34:18,120 - semgrep.rule_match - DEBUG - match_key = ('', PosixPath('client/src/components/navbar.tsx'), 'config..semgrep.vendored-rules.javascript.browser.security.js-open-redirect-from-function') match_id = a237e71d493614a0dd48041f2d4a9a46cdd94d8d83cee33884b96a83bf10788ab6744dfb2c29485415dd85db699c31fc7bd0b131d10109db5932bdeee1aba56e_0
2025-05-10 02:34:18,120 - semgrep.rule_match - DEBUG - match_key = ('"..." + $VALUE\n `...${$VALUE}`\n item.path item.path location.href = item.path location.replace(item.path) this.location.href = item.path this.location.replace(item.path) this.window.location.href = item.path this.window.location.replace(item.path) window.location.href = item.path window.location.replace(item.path) item function ... (..., item, ...) { ... }\n', PosixPath('client/src/components/navbar.tsx'), 'config..semgrep.vendored-rules.javascript.browser.security.js-open-redirect-from-function') match_id = 87917a2e4305a84f314a292f088f45c2a92830d24891695170ceae0111077909c249b827422e03e000a8afc751c99a538850b0c17b8b287d9272a1fc6bdf83ce_0
2025-05-10 02:34:18,121 - semgrep.rule_match - DEBUG - match_key = ('"..." + $VALUE\n `...${$VALUE}`\n item.path item.path location.href = item.path location.replace(item.path) this.location.href = item.path this.location.replace(item.path) this.window.location.href = item.path this.window.location.replace(item.path) window.location.href = item.path window.location.replace(item.path) item function ... (..., item, ...) { ... }\n', PosixPath('client/src/components/navbar.tsx'), 'config..semgrep.vendored-rules.javascript.browser.security.js-open-redirect-from-function') match_id = 87917a2e4305a84f314a292f088f45c2a92830d24891695170ceae0111077909c249b827422e03e000a8afc751c99a538850b0c17b8b287d9272a1fc6bdf83ce_0
2025-05-10 02:34:18,122 - semgrep.rule_match - DEBUG - match_key = ('"..." + $VALUE\n `...${$VALUE}`\n item.path item.path location.href = item.path location.replace(item.path) this.location.href = item.path this.location.replace(item.path) this.window.location.href = item.path this.window.location.replace(item.path) window.location.href = item.path window.location.replace(item.path) item function ... (..., item, ...) { ... }\n', PosixPath('client/src/components/navbar.tsx'), 'config..semgrep.vendored-rules.javascript.browser.security.js-open-redirect-from-function') match_id = 87917a2e4305a84f314a292f088f45c2a92830d24891695170ceae0111077909c249b827422e03e000a8afc751c99a538850b0c17b8b287d9272a1fc6bdf83ce_1
2025-05-10 02:34:18,124 - semgrep.rule_match - DEBUG - match_key = ('', PosixPath('client/src/components/social-share.tsx'), 'config..semgrep.vendored-rules.javascript.browser.security.insecure-innerhtml') match_id = c2312d90d2239edadf69ea40df67c41a0e9f19d585d9a4870a2db0cc2478b62b448807783042fec190b3eb802dc1b10651f7934a134c21278195f5b95015f574_0
2025-05-10 02:34:18,126 - semgrep.rule_match - DEBUG - match_key = ('menu.innerHTML = "...";\n menu.innerHTML = `\n              <a href="twitterUrl" target="_blank" rel="noopener noreferrer" class="block p-2 hover:bg-gray-100">Twitter</a>\n              <a href="facebookUrl" target="_blank" rel="noopener noreferrer" class="block p-2 hover:bg-gray-100">Facebook</a>\n              <a href="linkedinUrl" target="_blank" rel="noopener noreferrer" class="block p-2 hover:bg-gray-100">LinkedIn</a>\n              <a href="mailUrl" target="_blank" rel="noopener noreferrer" class="block p-2 hover:bg-gray-100">Email</a>\n            ;\n', PosixPath('client/src/components/social-share.tsx'), 'config..semgrep.vendored-rules.javascript.browser.security.insecure-innerhtml') match_id = 3182752207e121909841e74ef0e98e9fca2c301ede071f97ca2696ebc33779f4dc429bdceeafc7e9bf5c13f452a6bc178de730784aaaec632b1cb36439bf566e_0
2025-05-10 02:34:18,127 - semgrep.rule_match - DEBUG - match_key = ('menu.innerHTML = "...";\n menu.innerHTML = `\n              <a href="twitterUrl" target="_blank" rel="noopener noreferrer" class="block p-2 hover:bg-gray-100">Twitter</a>\n              <a href="facebookUrl" target="_blank" rel="noopener noreferrer" class="block p-2 hover:bg-gray-100">Facebook</a>\n              <a href="linkedinUrl" target="_blank" rel="noopener noreferrer" class="block p-2 hover:bg-gray-100">LinkedIn</a>\n              <a href="mailUrl" target="_blank" rel="noopener noreferrer" class="block p-2 hover:bg-gray-100">Email</a>\n            ;\n', PosixPath('client/src/components/social-share.tsx'), 'config..semgrep.vendored-rules.javascript.browser.security.insecure-innerhtml') match_id = 3182752207e121909841e74ef0e98e9fca2c301ede071f97ca2696ebc33779f4dc429bdceeafc7e9bf5c13f452a6bc178de730784aaaec632b1cb36439bf566e_0
2025-05-10 02:34:18,128 - semgrep.rule_match - DEBUG - match_key = ('menu.innerHTML = "...";\n menu.innerHTML = `\n              <a href="twitterUrl" target="_blank" rel="noopener noreferrer" class="block p-2 hover:bg-gray-100">Twitter</a>\n              <a href="facebookUrl" target="_blank" rel="noopener noreferrer" class="block p-2 hover:bg-gray-100">Facebook</a>\n              <a href="linkedinUrl" target="_blank" rel="noopener noreferrer" class="block p-2 hover:bg-gray-100">LinkedIn</a>\n              <a href="mailUrl" target="_blank" rel="noopener noreferrer" class="block p-2 hover:bg-gray-100">Email</a>\n            ;\n', PosixPath('client/src/components/social-share.tsx'), 'config..semgrep.vendored-rules.javascript.browser.security.insecure-innerhtml') match_id = 3182752207e121909841e74ef0e98e9fca2c301ede071f97ca2696ebc33779f4dc429bdceeafc7e9bf5c13f452a6bc178de730784aaaec632b1cb36439bf566e_0
2025-05-10 02:34:18,129 - semgrep.rule_match - DEBUG - match_key = ('', PosixPath('client/src/components/social-share.tsx'), 'config..semgrep.vendored-rules.javascript.browser.security.insecure-document-method') match_id = aeeba4f4bba591a2aef6cf6dbb97d5136a1dd82ee5728d87bec6290db55cd3f1f7b5c4f9d6e1571e24f022507020f335e90e7fe39808aa38637b720b0d41cf9f_0
2025-05-10 02:34:18,130 - semgrep.rule_match - DEBUG - match_key = ('menu.innerHTML = "...";\n menu.innerHTML = `\n              <a href="twitterUrl" target="_blank" rel="noopener noreferrer" class="block p-2 hover:bg-gray-100">Twitter</a>\n              <a href="facebookUrl" target="_blank" rel="noopener noreferrer" class="block p-2 hover:bg-gray-100">Facebook</a>\n              <a href="linkedinUrl" target="_blank" rel="noopener noreferrer" class="block p-2 hover:bg-gray-100">LinkedIn</a>\n              <a href="mailUrl" target="_blank" rel="noopener noreferrer" class="block p-2 hover:bg-gray-100">Email</a>\n            ;\n menu.outerHTML = `\n              <a href="twitterUrl" target="_blank" rel="noopener noreferrer" class="block p-2 hover:bg-gray-100">Twitter</a>\n              <a href="facebookUrl" target="_blank" rel="noopener noreferrer" class="block p-2 hover:bg-gray-100">Facebook</a>\n              <a href="linkedinUrl" target="_blank" rel="noopener noreferrer" class="block p-2 hover:bg-gray-100">LinkedIn</a>\n              <a href="mailUrl" target="_blank" rel="noopener noreferrer" class="block p-2 hover:bg-gray-100">Email</a>\n            ;\n document.write(...) menu.outerHTML = "...";\n document.write("...")', PosixPath('client/src/components/social-share.tsx'), 'config..semgrep.vendored-rules.javascript.browser.security.insecure-document-method') match_id = 403f4a1cddea14c9b7e6c9fd1486182ccf7765bdfad8a3bab1cea665220414b8446bac1961716edc43903113252e656770769753d9232e6fff98749bbf49d257_0
2025-05-10 02:34:18,130 - semgrep.rule_match - DEBUG - match_key = ('menu.innerHTML = "...";\n menu.innerHTML = `\n              <a href="twitterUrl" target="_blank" rel="noopener noreferrer" class="block p-2 hover:bg-gray-100">Twitter</a>\n              <a href="facebookUrl" target="_blank" rel="noopener noreferrer" class="block p-2 hover:bg-gray-100">Facebook</a>\n              <a href="linkedinUrl" target="_blank" rel="noopener noreferrer" class="block p-2 hover:bg-gray-100">LinkedIn</a>\n              <a href="mailUrl" target="_blank" rel="noopener noreferrer" class="block p-2 hover:bg-gray-100">Email</a>\n            ;\n menu.outerHTML = `\n              <a href="twitterUrl" target="_blank" rel="noopener noreferrer" class="block p-2 hover:bg-gray-100">Twitter</a>\n              <a href="facebookUrl" target="_blank" rel="noopener noreferrer" class="block p-2 hover:bg-gray-100">Facebook</a>\n              <a href="linkedinUrl" target="_blank" rel="noopener noreferrer" class="block p-2 hover:bg-gray-100">LinkedIn</a>\n              <a href="mailUrl" target="_blank" rel="noopener noreferrer" class="block p-2 hover:bg-gray-100">Email</a>\n            ;\n document.write(...) menu.outerHTML = "...";\n document.write("...")', PosixPath('client/src/components/social-share.tsx'), 'config..semgrep.vendored-rules.javascript.browser.security.insecure-document-method') match_id = 403f4a1cddea14c9b7e6c9fd1486182ccf7765bdfad8a3bab1cea665220414b8446bac1961716edc43903113252e656770769753d9232e6fff98749bbf49d257_0
2025-05-10 02:34:18,131 - semgrep.rule_match - DEBUG - match_key = ('menu.innerHTML = "...";\n menu.innerHTML = `\n              <a href="twitterUrl" target="_blank" rel="noopener noreferrer" class="block p-2 hover:bg-gray-100">Twitter</a>\n              <a href="facebookUrl" target="_blank" rel="noopener noreferrer" class="block p-2 hover:bg-gray-100">Facebook</a>\n              <a href="linkedinUrl" target="_blank" rel="noopener noreferrer" class="block p-2 hover:bg-gray-100">LinkedIn</a>\n              <a href="mailUrl" target="_blank" rel="noopener noreferrer" class="block p-2 hover:bg-gray-100">Email</a>\n            ;\n menu.outerHTML = `\n              <a href="twitterUrl" target="_blank" rel="noopener noreferrer" class="block p-2 hover:bg-gray-100">Twitter</a>\n              <a href="facebookUrl" target="_blank" rel="noopener noreferrer" class="block p-2 hover:bg-gray-100">Facebook</a>\n              <a href="linkedinUrl" target="_blank" rel="noopener noreferrer" class="block p-2 hover:bg-gray-100">LinkedIn</a>\n              <a href="mailUrl" target="_blank" rel="noopener noreferrer" class="block p-2 hover:bg-gray-100">Email</a>\n            ;\n document.write(...) menu.outerHTML = "...";\n document.write("...")', PosixPath('client/src/components/social-share.tsx'), 'config..semgrep.vendored-rules.javascript.browser.security.insecure-document-method') match_id = 403f4a1cddea14c9b7e6c9fd1486182ccf7765bdfad8a3bab1cea665220414b8446bac1961716edc43903113252e656770769753d9232e6fff98749bbf49d257_0
2025-05-10 02:34:18,132 - semgrep.rule_match - DEBUG - match_key = ('', PosixPath('client/src/components/social-share.tsx'), 'config..semgrep.vendored-rules.javascript.lang.security.html-in-template-string') match_id = c2c04442a8b07f6eb82073a19f1a53790f41856a0096dd02c2409cd4a5c351f764f2303fa4cff596cde570b9d0c2d69e8c89cc58cd698a61ae2fcc080f28d723_0
2025-05-10 02:34:18,133 - semgrep.rule_match - DEBUG - match_key = ('" target="_blank" rel="noopener noreferrer" class="block p-2 hover:bg-gray-100">Email</a>\n             .*</?[a-zA-Z] `" target="_blank" rel="noopener noreferrer" class="block p-2 hover:bg-gray-100">Email</a>\n            ${mailUrl}...`\n `...${mailUrl}" target="_blank" rel="noopener noreferrer" class="block p-2 hover:bg-gray-100">Email</a>\n            `\n', PosixPath('client/src/components/social-share.tsx'), 'config..semgrep.vendored-rules.javascript.lang.security.html-in-template-string') match_id = a5e5ca4f2a32aca0fa607d2e7c5a1d388c3350b6b8f2405fcfac233027e588a2cd120a61a8de177e417a21b68e6529fe2c846fd1d4a38cb4afea56457294fd4e_0
2025-05-10 02:34:18,134 - semgrep.rule_match - DEBUG - match_key = ('" target="_blank" rel="noopener noreferrer" class="block p-2 hover:bg-gray-100">Email</a>\n             .*</?[a-zA-Z] `" target="_blank" rel="noopener noreferrer" class="block p-2 hover:bg-gray-100">Email</a>\n            ${mailUrl}...`\n `...${mailUrl}" target="_blank" rel="noopener noreferrer" class="block p-2 hover:bg-gray-100">Email</a>\n            `\n', PosixPath('client/src/components/social-share.tsx'), 'config..semgrep.vendored-rules.javascript.lang.security.html-in-template-string') match_id = a5e5ca4f2a32aca0fa607d2e7c5a1d388c3350b6b8f2405fcfac233027e588a2cd120a61a8de177e417a21b68e6529fe2c846fd1d4a38cb4afea56457294fd4e_0
2025-05-10 02:34:18,135 - semgrep.rule_match - DEBUG - match_key = ('" target="_blank" rel="noopener noreferrer" class="block p-2 hover:bg-gray-100">Email</a>\n             .*</?[a-zA-Z] `" target="_blank" rel="noopener noreferrer" class="block p-2 hover:bg-gray-100">Email</a>\n            ${mailUrl}...`\n `...${mailUrl}" target="_blank" rel="noopener noreferrer" class="block p-2 hover:bg-gray-100">Email</a>\n            `\n', PosixPath('client/src/components/social-share.tsx'), 'config..semgrep.vendored-rules.javascript.lang.security.html-in-template-string') match_id = a5e5ca4f2a32aca0fa607d2e7c5a1d388c3350b6b8f2405fcfac233027e588a2cd120a61a8de177e417a21b68e6529fe2c846fd1d4a38cb4afea56457294fd4e_0
2025-05-10 02:34:18,136 - semgrep.rule_match - DEBUG - match_key = ('', PosixPath('server/routes.ts'), 'config..semgrep.vendored-rules.javascript.lang.security.html-in-template-string') match_id = 252d5e9e3e03042b085042d3b73c68eb69c19f4051b0e0598394b2319328aec1c19bc319257e0271964c432f360d6d25c2037663d24d0ece653155f447f28f20_0
2025-05-10 02:34:18,137 - semgrep.rule_match - DEBUG - match_key = ('.</p>\n              <p>The session will be held via Zoom. A link will be provided closer to the date.</p>\n             .*</?[a-zA-Z] `.</p>\n              <p>The session will be held via Zoom. A link will be provided closer to the date.</p>\n            ${new Date(sessionWithDetails.date).toLocaleDateString()}...`\n `...${new Date(sessionWithDetails.date).toLocaleDateString()}.</p>\n              <p>The session will be held via Zoom. A link will be provided closer to the date.</p>\n            `\n', PosixPath('server/routes.ts'), 'config..semgrep.vendored-rules.javascript.lang.security.html-in-template-string') match_id = 154fd290bce42e4835e7002ce70b5743937225e66b2951b077af1a41ca1a657882041ffb2aefe17a200432257bcec25f213350fc008b4668f80e002b71e745bf_0
2025-05-10 02:34:18,138 - semgrep.rule_match - DEBUG - match_key = ('.</p>\n              <p>The session will be held via Zoom. A link will be provided closer to the date.</p>\n             .*</?[a-zA-Z] `.</p>\n              <p>The session will be held via Zoom. A link will be provided closer to the date.</p>\n            ${new Date(sessionWithDetails.date).toLocaleDateString()}...`\n `...${new Date(sessionWithDetails.date).toLocaleDateString()}.</p>\n              <p>The session will be held via Zoom. A link will be provided closer to the date.</p>\n            `\n', PosixPath('server/routes.ts'), 'config..semgrep.vendored-rules.javascript.lang.security.html-in-template-string') match_id = 154fd290bce42e4835e7002ce70b5743937225e66b2951b077af1a41ca1a657882041ffb2aefe17a200432257bcec25f213350fc008b4668f80e002b71e745bf_0
2025-05-10 02:34:18,139 - semgrep.rule_match - DEBUG - match_key = ('.</p>\n              <p>The session will be held via Zoom. A link will be provided closer to the date.</p>\n             .*</?[a-zA-Z] `.</p>\n              <p>The session will be held via Zoom. A link will be provided closer to the date.</p>\n            ${new Date(sessionWithDetails.date).toLocaleDateString()}...`\n `...${new Date(sessionWithDetails.date).toLocaleDateString()}.</p>\n              <p>The session will be held via Zoom. A link will be provided closer to the date.</p>\n            `\n', PosixPath('server/routes.ts'), 'config..semgrep.vendored-rules.javascript.lang.security.html-in-template-string') match_id = 154fd290bce42e4835e7002ce70b5743937225e66b2951b077af1a41ca1a657882041ffb2aefe17a200432257bcec25f213350fc008b4668f80e002b71e745bf_0
2025-05-10 02:34:18,141 - semgrep.rule_match - DEBUG - match_key = ('', PosixPath('server/storage_fixed.ts'), 'config..semgrep.vendored-rules.generic.secrets.security.detected-bcrypt-hash') match_id = d0057d7c26ab72b6a70ed00f268d8c65c9586008369546a306a4d7611b8d9aec56897e5f5de6f1b3c5b7e51452ea051292677fcdcf39e5ffef83ee4fc0c6b2b5_0
2025-05-10 02:34:18,142 - semgrep.rule_match - DEBUG - match_key = ('\\$2[aby]?\\$[\\d]+\\$[./A-Za-z0-9]{53}', PosixPath('server/storage_fixed.ts'), 'config..semgrep.vendored-rules.generic.secrets.security.detected-bcrypt-hash') match_id = 872199a4b8c59cca5d746e982973d9c126116863cbe105fb8ee8916a38c08a9fc51abc57e1d1d9b50cd8142db2ed826fe5df15839f2c851f4d35cda18cf8c3ca_0
2025-05-10 02:34:18,142 - semgrep.rule_match - DEBUG - match_key = ('\\$2[aby]?\\$[\\d]+\\$[./A-Za-z0-9]{53}', PosixPath('server/storage_fixed.ts'), 'config..semgrep.vendored-rules.generic.secrets.security.detected-bcrypt-hash') match_id = 872199a4b8c59cca5d746e982973d9c126116863cbe105fb8ee8916a38c08a9fc51abc57e1d1d9b50cd8142db2ed826fe5df15839f2c851f4d35cda18cf8c3ca_0
2025-05-10 02:34:18,143 - semgrep.rule_match - DEBUG - match_key = ('\\$2[aby]?\\$[\\d]+\\$[./A-Za-z0-9]{53}', PosixPath('server/storage_fixed.ts'), 'config..semgrep.vendored-rules.generic.secrets.security.detected-bcrypt-hash') match_id = 872199a4b8c59cca5d746e982973d9c126116863cbe105fb8ee8916a38c08a9fc51abc57e1d1d9b50cd8142db2ed826fe5df15839f2c851f4d35cda18cf8c3ca_0
2025-05-10 02:34:18,143 - semgrep.rule_match - DEBUG - match_key = ('', PosixPath('server/storage_fixed.ts'), 'config..semgrep.vendored-rules.generic.secrets.security.detected-bcrypt-hash') match_id = d0057d7c26ab72b6a70ed00f268d8c65c9586008369546a306a4d7611b8d9aec56897e5f5de6f1b3c5b7e51452ea051292677fcdcf39e5ffef83ee4fc0c6b2b5_0
2025-05-10 02:34:18,144 - semgrep.rule_match - DEBUG - match_key = ('\\$2[aby]?\\$[\\d]+\\$[./A-Za-z0-9]{53}', PosixPath('server/storage_fixed.ts'), 'config..semgrep.vendored-rules.generic.secrets.security.detected-bcrypt-hash') match_id = 872199a4b8c59cca5d746e982973d9c126116863cbe105fb8ee8916a38c08a9fc51abc57e1d1d9b50cd8142db2ed826fe5df15839f2c851f4d35cda18cf8c3ca_0
2025-05-10 02:34:18,144 - semgrep.rule_match - DEBUG - match_key = ('\\$2[aby]?\\$[\\d]+\\$[./A-Za-z0-9]{53}', PosixPath('server/storage_fixed.ts'), 'config..semgrep.vendored-rules.generic.secrets.security.detected-bcrypt-hash') match_id = 872199a4b8c59cca5d746e982973d9c126116863cbe105fb8ee8916a38c08a9fc51abc57e1d1d9b50cd8142db2ed826fe5df15839f2c851f4d35cda18cf8c3ca_0
2025-05-10 02:34:18,145 - semgrep.rule_match - DEBUG - match_key = ('\\$2[aby]?\\$[\\d]+\\$[./A-Za-z0-9]{53}', PosixPath('server/storage_fixed.ts'), 'config..semgrep.vendored-rules.generic.secrets.security.detected-bcrypt-hash') match_id = 872199a4b8c59cca5d746e982973d9c126116863cbe105fb8ee8916a38c08a9fc51abc57e1d1d9b50cd8142db2ed826fe5df15839f2c851f4d35cda18cf8c3ca_1
2025-05-10 02:34:18,145 - semgrep.rule_match - DEBUG - match_key = ('', PosixPath('server/storage_fixed.ts'), 'config..semgrep.vendored-rules.generic.secrets.security.detected-bcrypt-hash') match_id = d0057d7c26ab72b6a70ed00f268d8c65c9586008369546a306a4d7611b8d9aec56897e5f5de6f1b3c5b7e51452ea051292677fcdcf39e5ffef83ee4fc0c6b2b5_0
2025-05-10 02:34:18,146 - semgrep.rule_match - DEBUG - match_key = ('\\$2[aby]?\\$[\\d]+\\$[./A-Za-z0-9]{53}', PosixPath('server/storage_fixed.ts'), 'config..semgrep.vendored-rules.generic.secrets.security.detected-bcrypt-hash') match_id = 872199a4b8c59cca5d746e982973d9c126116863cbe105fb8ee8916a38c08a9fc51abc57e1d1d9b50cd8142db2ed826fe5df15839f2c851f4d35cda18cf8c3ca_0
2025-05-10 02:34:18,147 - semgrep.rule_match - DEBUG - match_key = ('\\$2[aby]?\\$[\\d]+\\$[./A-Za-z0-9]{53}', PosixPath('server/storage_fixed.ts'), 'config..semgrep.vendored-rules.generic.secrets.security.detected-bcrypt-hash') match_id = 872199a4b8c59cca5d746e982973d9c126116863cbe105fb8ee8916a38c08a9fc51abc57e1d1d9b50cd8142db2ed826fe5df15839f2c851f4d35cda18cf8c3ca_0
2025-05-10 02:34:18,147 - semgrep.rule_match - DEBUG - match_key = ('\\$2[aby]?\\$[\\d]+\\$[./A-Za-z0-9]{53}', PosixPath('server/storage_fixed.ts'), 'config..semgrep.vendored-rules.generic.secrets.security.detected-bcrypt-hash') match_id = 872199a4b8c59cca5d746e982973d9c126116863cbe105fb8ee8916a38c08a9fc51abc57e1d1d9b50cd8142db2ed826fe5df15839f2c851f4d35cda18cf8c3ca_2
2025-05-10 02:34:18,150 - semgrep.core_runner - DEBUG - semgrep ran in 0:00:15.782094 on 199 files
2025-05-10 02:34:18,154 - semgrep.core_runner - DEBUG - findings summary: 3 warning, 5 error, 2 info
2025-05-10 02:34:18,159 - semgrep.app.auth - DEBUG - Getting API token from settings file
2025-05-10 02:34:18,159 - semgrep.app.auth - DEBUG - No API token found in settings file
2025-05-10 02:34:18,160 - semgrep.semgrep_core - DEBUG - Failed to open resource semgrep-core-proprietary: [Errno 2] No such file or directory: '/tmp/_MEIhvUj9A/semgrep/bin/semgrep-core-proprietary'.
2025-05-10 02:34:18,298 - semgrep.output - VERBOSE - 
========================================
Files skipped:
========================================

  Always skipped by Opengrep:

   • <none>

  Skipped by .gitignore:
  (Disable by passing --no-git-ignore)

   • <all files not listed by `git ls-files` were skipped>

  Skipped by .semgrepignore:
  - https://semgrep.dev/docs/ignoring-files-folders-code/#understand-semgrep-defaults

   • <none>

  Skipped by --include patterns:

   • <none>

  Skipped by --exclude patterns:

   • <none>

  Files skipped due to insufficient read permissions:

   • <none>

  Skipped by limiting to files smaller than 1000000 bytes:
  (Adjust with the --max-target-bytes flag)

   • attached_assets/screencapture-necform-fr-2025-04-25-01_04_11.png

  Partially analyzed due to parsing or internal Opengrep errors

   • tailwind.config.ts (1 lines skipped)

2025-05-10 02:34:18,299 - semgrep.output - INFO - Some files were skipped or only partially analyzed.
  Scan was limited to files tracked by git.
  Partially scanned: 1 files only partially analyzed due to parsing or internal Opengrep errors
  Scan skipped: 1 files larger than 1.0 MB
  For a full list of skipped files, run opengrep with the --verbose flag.

Ran 443 rules on 199 files: 10 findings.
2025-05-10 02:34:18,300 - semgrep.app.version - DEBUG - Version cache does not exist
2025-05-10 02:34:18,321 - semgrep.metrics - VERBOSE - Not sending pseudonymous metrics since metrics are configured to OFF and registry usage is False
